-------------------------------------------------------------------------------
Test set: ApiResponseTimeIT
-------------------------------------------------------------------------------
Tests run: 1, Failures: 1, Errors: 0, Skipped: 0, Time elapsed: 11.63 s <<< FAILURE! -- in ApiResponseTimeIT
ApiResponseTimeIT.testAllApiResponseTimes -- Time elapsed: 10.60 s <<< FAILURE!
org.opentest4j.AssertionFailedError: ❌ Merge Blocked! 14 API(s) failed. 1 exceeded 800ms, 13 returned wrong status code. Check ExtentReport.html for details.
	at org.junit.jupiter.api.AssertionUtils.fail(AssertionUtils.java:38)
	at org.junit.jupiter.api.Assertions.fail(Assertions.java:134)
	at ApiResponseTimeIT.testAllApiResponseTimes(ApiResponseTimeIT.java:225)
	at java.base/java.lang.reflect.Method.invoke(Method.java:580)
	at java.base/java.util.ArrayList.forEach(ArrayList.java:1596)
	at java.base/java.util.ArrayList.forEach(ArrayList.java:1596)

