-------------------------------------------------------------------------------
Test set: ApiResponseTimeIT
-------------------------------------------------------------------------------
Tests run: 1, Failures: 1, Errors: 0, Skipped: 0, Time elapsed: 13.40 s <<< FAILURE! -- in ApiResponseTimeIT
ApiResponseTimeIT.testAllApiResponseTimes -- Time elapsed: 12.57 s <<< FAILURE!
org.opentest4j.AssertionFailedError: ❌ Merge Blocked! 20 API(s) failed. 1 exceeded 800ms, 20 returned wrong status code. Check email report for details.
	at org.junit.jupiter.api.AssertionUtils.fail(AssertionUtils.java:38)
	at org.junit.jupiter.api.Assertions.fail(Assertions.java:134)
	at ApiResponseTimeIT.testAllApiResponseTimes(ApiResponseTimeIT.java:138)
	at java.base/java.lang.reflect.Method.invoke(Method.java:580)
	at java.base/java.util.ArrayList.forEach(ArrayList.java:1596)
	at java.base/java.util.ArrayList.forEach(ArrayList.java:1596)

