<?xml version="1.0" encoding="UTF-8"?>
<testsuite xmlns:xsi="http://www.w3.org/2001/XMLSchema-instance" xsi:noNamespaceSchemaLocation="https://maven.apache.org/surefire/maven-failsafe-plugin/xsd/failsafe-test-report-3.0.xsd" version="3.0" name="ApiResponseTimeIT" time="11.627" tests="1" errors="0" skipped="0" failures="1">
  <properties>
[...]
</properties>
  <testcase name="testAllApiResponseTimes" classname="ApiResponseTimeIT" time="10.603">
    <failure message="❌ Merge Blocked! 14 API(s) failed. 1 exceeded 800ms, 13 returned wrong status code. Check ExtentReport.html for details." type="org.opentest4j.AssertionFailedError"><![CDATA[org.opentest4j.AssertionFailedError: ❌ Merge Blocked! 14 API(s) failed. 1 exceeded 800ms, 13 returned wrong status code. Check ExtentReport.html for details.
	at org.junit.jupiter.api.AssertionUtils.fail(AssertionUtils.java:38)
	at org.junit.jupiter.api.Assertions.fail(Assertions.java:134)
	at ApiResponseTimeIT.testAllApiResponseTimes(ApiResponseTimeIT.java:225)
	at java.base/java.lang.reflect.Method.invoke(Method.java:580)
	at java.base/java.util.ArrayList.forEach(ArrayList.java:1596)
	at java.base/java.util.ArrayList.forEach(ArrayList.java:1596)
]]></failure>
    <system-out><![CDATA[╔══════════════════════════════════════════════════╗
║       API RESPONSE TIME TESTER (Auto-Scan)       ║
╚══════════════════════════════════════════════════╝
🌐 Base URL : http://127.0.0.1:9000/api
⏱  Threshold: 800ms
──────────────────────────────────────────────────
projectPath = [C:/Users/Abhishek Bisht/IdeaProjects/testapi]
urlsFile    = [store/urls.py]
changedOnly = [true]
baseBranch  = [origin/master]
🔍 Scanning Django project : C:\Users\Abhishek Bisht\IdeaProjects\testapi
📄 Entry URLs file         : C:\Users\Abhishek Bisht\IdeaProjects\testapi\store\urls.py
🗂  ViewSets found          : 15
🔧 @api_view functions     : 57
✅ Total routes discovered : 70
──────────────────────────────────────────────────
🧩 Changed files detected : 3
   • .github/workflows/api-gate.yml
   • store/urls.py
   • store/views.py
🧠 Impacted view symbols  : [CampaignSubscriberViewSet, CampaignDeliveryChannelViewSet, AuthPartnerViewSet, AuthPartnerTypeViewSet, inbound_publisher, inbound_lead_form, gads_lead_form, zapier_inbound, inbound_dashboard, partner_dashboard, partner_delivery_counts, course_delivery_counts, partner_error_summary, partner_success_summary, campaignwise_partner_perf, sourcewise_bifurcation_summary, sourcewise_lead_summary, campaign_delivery_histories, campaign_delivery_history_detail, delivery_errors, repush_delivery, delivery_queue_list, delivery_queue_detail, auth_partner_detail, auth_partner_list, auth_partner_dropdown, auth_partner_type_dropdown, user_login, get_otp, verify_otp, user_logout, partner_delivery_channels, campaign_subscriber_dropdown, campaign_subscriber_by_partner, toggle_subscriber_activation, add_subscriber, subscriber_list, get_all_leads, get_specific_lead, test_lead, get_specific_test_lead, campaigns_list, locations_dropdown, export_csv, activity_tasks, list, create, retrieve, update, partial_update, destroy, api_overview]
🔗 Impacted URL paths     : [campaign-subscribers, campaign-delivery-channels, auth-partners, auth-partner-types, inbound-publisher, inbound/, google-inbound, zapier-inbound, inbound-dashboard, auth-partners/dashboard, partner-delivery-counts, course-delivery-counts, partner-error-summary, partner-success-summary, campaignwise-partner-performance, sourcewise-bifurcation-summary, sourcewise-lead-summary, campaign-delivery-histories, campaign-delivery-histories/<str:pk>, delivery-errors, repush-delivery/<str:pk>, delivery-queue, delivery-queue/<int:pk>, auth-partners/detail/<int:pk>, auth-partners/list, auth-partners/dropdown, auth-partner-types/dropdown, user-login, otp/create-otp/, otp/validate-otp/, auth/logout, campaign-delivery-channels/auth-partner/<int:pk>, campaign-subscribers/dropdown, campaign-subscribers/by-partner/<int:pk>, campaign-subscribers/<int:pk>/deactivate/, subscribers/add, subscribers, leads, leads/<str:pk>, test-lead, test-lead/<str:pk>, campaigns, locations, export/csv, activity-tasks]
✅ Impacted APIs selected : 70
──────────────────────────────────────────────────
📋 APIs to test: 70
──────────────────────────────────────────────────
[FAIL] GET /campaign-subscribers/ (CampaignSubscriberViewSet (list)) | GET /campaign-subscribers/         | 1120ms | HTTP 200 (expected 200) ⚠ SLOW
[PASS] POST /campaign-subscribers/ (CampaignSubscriberViewSet (list)) | POST /campaign-subscribers/         |   32ms | HTTP 201 (expected 201)
[PASS] GET /campaign-subscribers/1/ (CampaignSubscriberViewSet (detail)) | GET /campaign-subscribers/1/       |   25ms | HTTP 200 (expected 200)
[PASS] PUT /campaign-subscribers/1/ (CampaignSubscriberViewSet (detail)) | PUT /campaign-subscribers/1/       |   19ms | HTTP 200 (expected 200)
[PASS] PATCH /campaign-subscribers/1/ (CampaignSubscriberViewSet (detail)) | PATCH /campaign-subscribers/1/       |   15ms | HTTP 200 (expected 200)
[PASS] DELETE /campaign-subscribers/1/ (CampaignSubscriberViewSet (detail)) | DELETE /campaign-subscribers/1/       |   18ms | HTTP 204 (expected 204)
[PASS] GET /campaign-delivery-channels/ (CampaignDeliveryChannelViewSet (list)) | GET /campaign-delivery-channels/   |   16ms | HTTP 200 (expected 200)
[PASS] POST /campaign-delivery-channels/ (CampaignDeliveryChannelViewSet (list)) | POST /campaign-delivery-channels/   |   17ms | HTTP 201 (expected 201)
[PASS] GET /campaign-delivery-channels/1/ (CampaignDeliveryChannelViewSet (detail)) | GET /campaign-delivery-channels/1/ |   18ms | HTTP 200 (expected 200)
[PASS] PUT /campaign-delivery-channels/1/ (CampaignDeliveryChannelViewSet (detail)) | PUT /campaign-delivery-channels/1/ |   17ms | HTTP 200 (expected 200)
[PASS] PATCH /campaign-delivery-channels/1/ (CampaignDeliveryChannelViewSet (detail)) | PATCH /campaign-delivery-channels/1/ |   13ms | HTTP 200 (expected 200)
[PASS] DELETE /campaign-delivery-channels/1/ (CampaignDeliveryChannelViewSet (detail)) | DELETE /campaign-delivery-channels/1/ |   15ms | HTTP 204 (expected 204)
[PASS] GET /auth-partners/ (AuthPartnerViewSet (list)) | GET /auth-partners/                |   12ms | HTTP 200 (expected 200)
[PASS] POST /auth-partners/ (AuthPartnerViewSet (list)) | POST /auth-partners/                |   10ms | HTTP 201 (expected 201)
[PASS] GET /auth-partners/1/ (AuthPartnerViewSet (detail)) | GET /auth-partners/1/              |   24ms | HTTP 200 (expected 200)
[PASS] PUT /auth-partners/1/ (AuthPartnerViewSet (detail)) | PUT /auth-partners/1/              |   13ms | HTTP 200 (expected 200)
[PASS] PATCH /auth-partners/1/ (AuthPartnerViewSet (detail)) | PATCH /auth-partners/1/              |   18ms | HTTP 200 (expected 200)
[PASS] DELETE /auth-partners/1/ (AuthPartnerViewSet (detail)) | DELETE /auth-partners/1/              |   15ms | HTTP 204 (expected 204)
[PASS] GET /auth-partner-types/ (AuthPartnerTypeViewSet (list)) | GET /auth-partner-types/           |   11ms | HTTP 200 (expected 200)
[PASS] POST /auth-partner-types/ (AuthPartnerTypeViewSet (list)) | POST /auth-partner-types/           |   12ms | HTTP 201 (expected 201)
[PASS] GET /auth-partner-types/1/ (AuthPartnerTypeViewSet (detail)) | GET /auth-partner-types/1/         |   12ms | HTTP 200 (expected 200)
[PASS] PUT /auth-partner-types/1/ (AuthPartnerTypeViewSet (detail)) | PUT /auth-partner-types/1/         |   20ms | HTTP 200 (expected 200)
[PASS] PATCH /auth-partner-types/1/ (AuthPartnerTypeViewSet (detail)) | PATCH /auth-partner-types/1/         |   14ms | HTTP 200 (expected 200)
[PASS] DELETE /auth-partner-types/1/ (AuthPartnerTypeViewSet (detail)) | DELETE /auth-partner-types/1/         |    5ms | HTTP 204 (expected 204)
[FAIL] POST /inbound-publisher (inbound_publisher) | POST /inbound-publisher             |   13ms | HTTP 200 (expected 201) ⚠ WRONG STATUS
[FAIL] POST /inbound/ (inbound_lead_form)       | POST /inbound/                      |   12ms | HTTP 200 (expected 201) ⚠ WRONG STATUS
[FAIL] POST /google-inbound (gads_lead_form)    | POST /google-inbound                |   12ms | HTTP 200 (expected 201) ⚠ WRONG STATUS
[FAIL] POST /zapier-inbound (zapier_inbound)    | POST /zapier-inbound                |   10ms | HTTP 200 (expected 201) ⚠ WRONG STATUS
[PASS] GET /inbound-dashboard (inbound_dashboard) | GET /inbound-dashboard             |    9ms | HTTP 200 (expected 200)
[PASS] GET /auth-partners/dashboard (partner_dashboard) | GET /auth-partners/dashboard       |    7ms | HTTP 200 (expected 200)
[PASS] GET /partner-delivery-counts (partner_delivery_counts) | GET /partner-delivery-counts       |    9ms | HTTP 200 (expected 200)
[PASS] GET /course-delivery-counts (course_delivery_counts) | GET /course-delivery-counts        |   14ms | HTTP 200 (expected 200)
[PASS] GET /partner-error-summary (partner_error_summary) | GET /partner-error-summary         |    6ms | HTTP 200 (expected 200)
[PASS] GET /partner-success-summary (partner_success_summary) | GET /partner-success-summary       |    9ms | HTTP 200 (expected 200)
[PASS] GET /campaignwise-partner-performance (campaignwise_partner_perf) | GET /campaignwise-partner-performance |   16ms | HTTP 200 (expected 200)
[PASS] GET /sourcewise-bifurcation-summary (sourcewise_bifurcation_summary) | GET /sourcewise-bifurcation-summary |   14ms | HTTP 200 (expected 200)
[PASS] GET /sourcewise-lead-summary (sourcewise_lead_summary) | GET /sourcewise-lead-summary       |   11ms | HTTP 200 (expected 200)
[PASS] GET /campaign-delivery-histories (campaign_delivery_histories) | GET /campaign-delivery-histories   |   11ms | HTTP 200 (expected 200)
[PASS] GET /campaign-delivery-histories/1 (campaign_delivery_history_detail) | GET /campaign-delivery-histories/1 |   12ms | HTTP 200 (expected 200)
[PASS] GET /delivery-errors (delivery_errors)   | GET /delivery-errors               |   11ms | HTTP 200 (expected 200)
[FAIL] POST /repush-delivery/1 (repush_delivery) | POST /repush-delivery/1             |   10ms | HTTP 200 (expected 201) ⚠ WRONG STATUS
[PASS] GET /delivery-queue (delivery_queue_list) | GET /delivery-queue                |    7ms | HTTP 200 (expected 200)
[PASS] GET /delivery-queue/1 (delivery_queue_detail) | GET /delivery-queue/1              |   15ms | HTTP 200 (expected 200)
[PASS] PUT /delivery-queue/1 (delivery_queue_detail) | PUT /delivery-queue/1              |   17ms | HTTP 200 (expected 200)
[FAIL] DELETE /delivery-queue/1 (delivery_queue_detail) | DELETE /delivery-queue/1              |    4ms | HTTP 200 (expected 204) ⚠ WRONG STATUS
[PASS] GET /auth-partners/detail/1 (auth_partner_detail) | GET /auth-partners/detail/1        |   14ms | HTTP 200 (expected 200)
[PASS] PUT /auth-partners/detail/1 (auth_partner_detail) | PUT /auth-partners/detail/1        |   17ms | HTTP 200 (expected 200)
[FAIL] DELETE /auth-partners/detail/1 (auth_partner_detail) | DELETE /auth-partners/detail/1        |    7ms | HTTP 200 (expected 204) ⚠ WRONG STATUS
[PASS] GET /auth-partners/list (auth_partner_list) | GET /auth-partners/list            |    9ms | HTTP 200 (expected 200)
[PASS] GET /auth-partners/dropdown (auth_partner_dropdown) | GET /auth-partners/dropdown        |    4ms | HTTP 200 (expected 200)
[PASS] GET /auth-partner-types/dropdown (auth_partner_type_dropdown) | GET /auth-partner-types/dropdown   |   14ms | HTTP 200 (expected 200)
[FAIL] POST /user-login (user_login)            | POST /user-login                    |   13ms | HTTP 200 (expected 201) ⚠ WRONG STATUS
[FAIL] POST /otp/create-otp/ (get_otp)          | POST /otp/create-otp/               |   12ms | HTTP 200 (expected 201) ⚠ WRONG STATUS
[FAIL] POST /otp/validate-otp/ (verify_otp)     | POST /otp/validate-otp/             |   13ms | HTTP 200 (expected 201) ⚠ WRONG STATUS
[FAIL] POST /auth/logout (user_logout)          | POST /auth/logout                   |    8ms | HTTP 200 (expected 201) ⚠ WRONG STATUS
[PASS] GET /campaign-delivery-channels/auth-partner/1 (partner_delivery_channels) | GET /campaign-delivery-channels/auth-partner/1 |    7ms | HTTP 200 (expected 200)
[PASS] GET /campaign-subscribers/dropdown (campaign_subscriber_dropdown) | GET /campaign-subscribers/dropdown |   11ms | HTTP 200 (expected 200)
[PASS] GET /campaign-subscribers/by-partner/1 (campaign_subscriber_by_partner) | GET /campaign-subscribers/by-partner/1 |    8ms | HTTP 200 (expected 200)
[FAIL] POST /campaign-subscribers/1/deactivate/ (toggle_subscriber_activation) | POST /campaign-subscribers/1/deactivate/ |    0ms | HTTP 200 (expected 201) ⚠ WRONG STATUS
[PASS] POST /subscribers/add (add_subscriber)   | POST /subscribers/add               |   23ms | HTTP 201 (expected 201)
[PASS] GET /subscribers (subscriber_list)       | GET /subscribers                   |    9ms | HTTP 200 (expected 200)
[PASS] GET /leads (get_all_leads)               | GET /leads                         |    8ms | HTTP 200 (expected 200)
[PASS] GET /leads/1 (get_specific_lead)         | GET /leads/1                       |   13ms | HTTP 200 (expected 200)
[PASS] GET /test-lead (test_lead)               | GET /test-lead                     |   21ms | HTTP 200 (expected 200)
[FAIL] POST /test-lead (test_lead)              | POST /test-lead                     |    7ms | HTTP 200 (expected 201) ⚠ WRONG STATUS
[PASS] GET /test-lead/1 (get_specific_test_lead) | GET /test-lead/1                   |   15ms | HTTP 200 (expected 200)
[PASS] GET /campaigns (campaigns_list)          | GET /campaigns                     |    0ms | HTTP 200 (expected 200)
[PASS] GET /locations (locations_dropdown)      | GET /locations                     |   20ms | HTTP 200 (expected 200)
[PASS] GET /export/csv (export_csv)             | GET /export/csv                    |    2ms | HTTP 200 (expected 200)
[PASS] GET /activity-tasks (activity_tasks)     | GET /activity-tasks                |    8ms | HTTP 200 (expected 200)
──────────────────────────────────────────────────
📊 RESULTS : Total=70 | Passed=56 | Failed=14
   Slow (>800ms): 1 | Wrong Status: 13
──────────────────────────────────────────────────
Report Exists = true
Report Path = C:\Users\Abhishek Bisht\IdeaProjects\api-response-time-tester\target\ExtentReport.html
Email report sent with ExtentReport attachment to: bishtcoom@gmail.com
]]></system-out>
  </testcase>
</testsuite>