<?xml version="1.0" encoding="UTF-8"?>
<testsuite xmlns:xsi="http://www.w3.org/2001/XMLSchema-instance" xsi:noNamespaceSchemaLocation="https://maven.apache.org/surefire/maven-failsafe-plugin/xsd/failsafe-test-report-3.0.xsd" version="3.0" name="ApiResponseTimeIT" time="13.403" tests="1" errors="0" skipped="0" failures="1">
  <properties>
[...]
</properties>
  <testcase name="testAllApiResponseTimes" classname="ApiResponseTimeIT" time="12.567">
    <failure message="❌ Merge Blocked! 20 API(s) failed. 1 exceeded 800ms, 20 returned wrong status code. Check email report for details." type="org.opentest4j.AssertionFailedError"><![CDATA[org.opentest4j.AssertionFailedError: ❌ Merge Blocked! 20 API(s) failed. 1 exceeded 800ms, 20 returned wrong status code. Check email report for details.
	at org.junit.jupiter.api.AssertionUtils.fail(AssertionUtils.java:38)
	at org.junit.jupiter.api.Assertions.fail(Assertions.java:134)
	at ApiResponseTimeIT.testAllApiResponseTimes(ApiResponseTimeIT.java:138)
	at java.base/java.lang.reflect.Method.invoke(Method.java:580)
	at java.base/java.util.ArrayList.forEach(ArrayList.java:1596)
	at java.base/java.util.ArrayList.forEach(ArrayList.java:1596)
]]></failure>
    <system-out><![CDATA[╔══════════════════════════════════════════════════╗
║       API RESPONSE TIME TESTER (Auto-Scan)       ║
╚══════════════════════════════════════════════════╝
🌐 Base URL : http://localhost:8000
⏱  Threshold: 800ms
──────────────────────────────────────────────────
🔍 Scanning Django project : C:\Users\Abhishek Bisht\IdeaProjects\testapi
📄 Entry URLs file         : C:\Users\Abhishek Bisht\IdeaProjects\testapi\store\urls.py
🗂  ViewSets found          : 11
🔧 @api_view functions     : 3
   ↳ Also scanning orphan: testapi\urls.py
✅ Total routes discovered : 21
──────────────────────────────────────────────────
📋 APIs to test: 21
──────────────────────────────────────────────────
[FAIL] GET /categories/ (views (list))          | GET /categories/                   | 2581ms | HTTP 404 (expected 200) ⚠ SLOW ⚠ WRONG STATUS
[FAIL] POST /categories/ (views (list))         | POST /categories/                   |   52ms | HTTP 404 (expected 201) ⚠ WRONG STATUS
[FAIL] GET /categories/1/ (views (detail))      | GET /categories/1/                 |   32ms | HTTP 404 (expected 200) ⚠ WRONG STATUS
[FAIL] PUT /categories/1/ (views (detail))      | PUT /categories/1/                 |   37ms | HTTP 404 (expected 200) ⚠ WRONG STATUS
[FAIL] PATCH /categories/1/ (views (detail))    | PATCH /categories/1/                 |   40ms | HTTP 404 (expected 200) ⚠ WRONG STATUS
[FAIL] DELETE /categories/1/ (views (detail))   | DELETE /categories/1/                 |   35ms | HTTP 404 (expected 204) ⚠ WRONG STATUS
[FAIL] GET /products/ (views (list))            | GET /products/                     |   43ms | HTTP 404 (expected 200) ⚠ WRONG STATUS
[FAIL] POST /products/ (views (list))           | POST /products/                     |   26ms | HTTP 404 (expected 201) ⚠ WRONG STATUS
[FAIL] GET /products/1/ (views (detail))        | GET /products/1/                   |   34ms | HTTP 404 (expected 200) ⚠ WRONG STATUS
[FAIL] PUT /products/1/ (views (detail))        | PUT /products/1/                   |   41ms | HTTP 404 (expected 200) ⚠ WRONG STATUS
[FAIL] PATCH /products/1/ (views (detail))      | PATCH /products/1/                   |   29ms | HTTP 404 (expected 200) ⚠ WRONG STATUS
[FAIL] DELETE /products/1/ (views (detail))     | DELETE /products/1/                   |   30ms | HTTP 404 (expected 204) ⚠ WRONG STATUS
[FAIL] GET /orders/ (views (list))              | GET /orders/                       |   37ms | HTTP 404 (expected 200) ⚠ WRONG STATUS
[FAIL] POST /orders/ (views (list))             | POST /orders/                       |   27ms | HTTP 404 (expected 201) ⚠ WRONG STATUS
[FAIL] GET /orders/1/ (views (detail))          | GET /orders/1/                     |   35ms | HTTP 404 (expected 200) ⚠ WRONG STATUS
[FAIL] PUT /orders/1/ (views (detail))          | PUT /orders/1/                     |   31ms | HTTP 404 (expected 200) ⚠ WRONG STATUS
[FAIL] PATCH /orders/1/ (views (detail))        | PATCH /orders/1/                     |   29ms | HTTP 404 (expected 200) ⚠ WRONG STATUS
[FAIL] DELETE /orders/1/ (views (detail))       | DELETE /orders/1/                     |   35ms | HTTP 404 (expected 204) ⚠ WRONG STATUS
[FAIL] GET /health/ (views.health_check)        | GET /health/                       |   31ms | HTTP 404 (expected 200) ⚠ WRONG STATUS
[FAIL] GET /search/ (views.product_search)      | GET /search/                       |   21ms | HTTP 404 (expected 200) ⚠ WRONG STATUS
[PASS] GET /api/overview/ (__import__)          | GET /api/overview/                 |   63ms | HTTP 200 (expected 200)
──────────────────────────────────────────────────
📊 RESULTS : Total=21 | Passed=1 | Failed=20
   Slow (>800ms): 1 | Wrong Status: 20
──────────────────────────────────────────────────
📧 Email report sent to: bishtcoom@gmail.com
]]></system-out>
    <system-err><![CDATA[SLF4J: Failed to load class "org.slf4j.impl.StaticLoggerBinder".
SLF4J: Defaulting to no-operation (NOP) logger implementation
SLF4J: See http://www.slf4j.org/codes.html#StaticLoggerBinder for further details.
]]></system-err>
  </testcase>
</testsuite>